#
# There is insufficient memory for the Java Runtime Environment to continue.
# Native memory allocation (mmap) failed to map 264241152 bytes for G1 virtual space
# Possible reasons:
#   The system is out of physical RAM or swap space
#   The process is running with CompressedOops enabled, and the Java Heap may be blocking the growth of the native heap
# Possible solutions:
#   Reduce memory load on the system
#   Increase physical memory or swap space
#   Check if swap backing store is full
#   Decrease Java heap size (-Xmx/-Xms)
#   Decrease number of Java threads
#   Decrease Java thread stack sizes (-Xss)
#   Set larger code cache with -XX:ReservedCodeCacheSize=
#   JVM is running with Zero Based Compressed Oops mode in which the Java heap is
#     placed in the first 32GB address space. The Java Heap base address is the
#     maximum limit for the native heap growth. Please use -XX:HeapBaseMinAddress
#     to set the Java Heap base and to place the Java Heap above 32GB virtual address.
# This output file may be truncated or incomplete.
#
#  Out of Memory Error (os_windows.cpp:3536), pid=18076, tid=16564
#
# JRE version:  (19.0.2+7) (build )
# Java VM: Java HotSpot(TM) 64-Bit Server VM (19.0.2+7-44, mixed mode, sharing, tiered, compressed oops, compressed class ptrs, g1 gc, windows-amd64)
# No core dump will be written. Minidumps are not enabled by default on client versions of Windows
#

---------------  S U M M A R Y ------------

Command Line: -Dfile.encoding=utf8 c:\Users\User\.vscode\extensions\vscjava.vscode-gradle-3.13.5\lib\gradle-language-server.jar

Host: 11th Gen Intel(R) Core(TM) i5-1135G7 @ 2.40GHz, 8 cores, 15G,  Windows 11 , 64 bit Build 22621 (10.0.22621.3527)
Time: Fri May 17 15:51:25 2024 India Standard Time elapsed time: 0.064494 seconds (0d 0h 0m 0s)

---------------  T H R E A D  ---------------

Current thread (0x000002012e691a10):  JavaThread "Unknown thread" [_thread_in_vm, id=16564, stack(0x0000006b8e700000,0x0000006b8e800000)]

Stack: [0x0000006b8e700000,0x0000006b8e800000]
Native frames: (J=compiled Java code, j=interpreted, Vv=VM code, C=native code)
V  [jvm.dll+0x6ee21a]
V  [jvm.dll+0x85765e]
V  [jvm.dll+0x85904e]
V  [jvm.dll+0x859703]
V  [jvm.dll+0x28298f]
V  [jvm.dll+0x6eb009]
V  [jvm.dll+0x6dfbaa]
V  [jvm.dll+0x3573f6]
V  [jvm.dll+0x35ee56]
V  [jvm.dll+0x3b541e]
V  [jvm.dll+0x3b564f]
V  [jvm.dll+0x32c9ea]
V  [jvm.dll+0x32d89e]
V  [jvm.dll+0x821780]
V  [jvm.dll+0x3c2661]
V  [jvm.dll+0x801f51]
V  [jvm.dll+0x44ae8f]
V  [jvm.dll+0x44c811]
C  [jli.dll+0x5287]
C  [ucrtbase.dll+0x29333]
C  [KERNEL32.DLL+0x1257d]
C  [ntdll.dll+0x5aa48]


---------------  P R O C E S S  ---------------

Threads class SMR info:
_java_thread_list=0x00007fffade6d048, length=0, elements={
}

Java Threads: ( => current thread )

Other Threads:
  0x000002012e702d30 WorkerThread "GC Thread#0" [stack: 0x0000006b8e800000,0x0000006b8e900000] [id=2452]
  0x000002012e7137a0 ConcurrentGCThread "G1 Main Marker" [stack: 0x0000006b8e900000,0x0000006b8ea00000] [id=4360]
  0x000002012e7141d0 WorkerThread "G1 Conc#0" [stack: 0x0000006b8ea00000,0x0000006b8eb00000] [id=12352]

[error occurred during error reporting (printing all threads), id 0xc0000005, EXCEPTION_ACCESS_VIOLATION (0xc0000005) at pc=0x00007fffad62d427]

VM state: not at safepoint (not fully initialized)

VM Mutex/Monitor currently owned by a thread:  ([mutex/lock_event])
[0x000002012e68eb80] Heap_lock - owner thread: 0x000002012e691a10

Heap address: 0x0000000704e00000, size: 4018 MB, Compressed Oops mode: Zero based, Oop shift amount: 3

CDS archive(s) mapped at: [0x0000000000000000-0x0000000000000000-0x0000000000000000), size 0, SharedBaseAddress: 0x0000000800000000, ArchiveRelocationMode: 0.
Narrow klass base: 0x0000000000000000, Narrow klass shift: 0, Narrow klass range: 0x0

GC Precious Log:
 CardTable entry size: 512
 Card Set container configuration: InlinePtr #cards 4 size 8 Array Of Cards #cards 16 size 48 Howl #buckets 8 coarsen threshold 3686 Howl Bitmap #cards 512 size 80 coarsen threshold 460 Card regions per heap region 1 cards per card region 4096

Heap:
 garbage-first heap   total 0K, used 0K [0x0000000704e00000, 0x0000000800000000)
  region size 2048K, 0 young (0K), 0 survivors (0K)

[error occurred during error reporting (printing heap information), id 0xc0000005, EXCEPTION_ACCESS_VIOLATION (0xc0000005) at pc=0x00007fffada36649]

GC Heap History (0 events):
No events

Dll operation events (1 events):
Event: 0.039 Loaded shared library C:\Program Files\Java\jdk-19\bin\java.dll

Deoptimization events (0 events):
No events

Classes loaded (0 events):
No events

Classes unloaded (0 events):
No events

Classes redefined (0 events):
No events

Internal exceptions (0 events):
No events

VM Operations (0 events):
No events

Events (0 events):
No events


Dynamic libraries:
0x00007ff686220000 - 0x00007ff686230000 	C:\Program Files\Java\jdk-19\bin\java.exe
0x00007ff8328b0000 - 0x00007ff832ac7000 	C:\WINDOWS\SYSTEM32\ntdll.dll
0x00007ff830780000 - 0x00007ff830844000 	C:\WINDOWS\System32\KERNEL32.DLL
0x00007ff82ff70000 - 0x00007ff830317000 	C:\WINDOWS\System32\KERNELBASE.dll
0x00007ff830350000 - 0x00007ff830461000 	C:\WINDOWS\System32\ucrtbase.dll
0x00007ffff6270000 - 0x00007ffff6288000 	C:\Program Files\Java\jdk-19\bin\jli.dll
0x00007ff831380000 - 0x00007ff831432000 	C:\WINDOWS\System32\ADVAPI32.dll
0x00007ff8311f0000 - 0x00007ff831297000 	C:\WINDOWS\System32\msvcrt.dll
0x00007ff8306d0000 - 0x00007ff830778000 	C:\WINDOWS\System32\sechost.dll
0x00007ff82fe80000 - 0x00007ff82fea8000 	C:\WINDOWS\System32\bcrypt.dll
0x00007ff8318b0000 - 0x00007ff8319c5000 	C:\WINDOWS\System32\RPCRT4.dll
0x00007ff832080000 - 0x00007ff83222e000 	C:\WINDOWS\System32\USER32.dll
0x00007ff830320000 - 0x00007ff830346000 	C:\WINDOWS\System32\win32u.dll
0x00007ff831880000 - 0x00007ff8318a9000 	C:\WINDOWS\System32\GDI32.dll
0x00007ff82fd60000 - 0x00007ff82fe79000 	C:\WINDOWS\System32\gdi32full.dll
0x00007ff82fc40000 - 0x00007ff82fcda000 	C:\WINDOWS\System32\msvcp_win.dll
0x00007ffff6250000 - 0x00007ffff626b000 	C:\Program Files\Java\jdk-19\bin\VCRUNTIME140.dll
0x00007ff80cdd0000 - 0x00007ff80d063000 	C:\WINDOWS\WinSxS\amd64_microsoft.windows.common-controls_6595b64144ccf1df_6.0.22621.3527_none_270e469b73872a76\COMCTL32.dll
0x00007ff829960000 - 0x00007ff82996a000 	C:\WINDOWS\SYSTEM32\VERSION.dll
0x00007ff830850000 - 0x00007ff830881000 	C:\WINDOWS\System32\IMM32.DLL
0x00007ff81d9a0000 - 0x00007ff81d9ac000 	C:\Program Files\Java\jdk-19\bin\vcruntime140_1.dll
0x00007fffeddd0000 - 0x00007fffede5e000 	C:\Program Files\Java\jdk-19\bin\msvcp140.dll
0x00007fffad2f0000 - 0x00007fffadfb0000 	C:\Program Files\Java\jdk-19\bin\server\jvm.dll
0x00007ff80d8d0000 - 0x00007ff80d8d9000 	C:\WINDOWS\SYSTEM32\WSOCK32.dll
0x00007ff831300000 - 0x00007ff831371000 	C:\WINDOWS\System32\WS2_32.dll
0x00007ff8295c0000 - 0x00007ff8295f4000 	C:\WINDOWS\SYSTEM32\WINMM.dll
0x00007ff82ebb0000 - 0x00007ff82ebc8000 	C:\WINDOWS\SYSTEM32\kernel.appcore.dll
0x00007ff8166b0000 - 0x00007ff8166ba000 	C:\Program Files\Java\jdk-19\bin\jimage.dll
0x00007ff82d530000 - 0x00007ff82d762000 	C:\WINDOWS\SYSTEM32\DBGHELP.DLL
0x00007ff831440000 - 0x00007ff8317c8000 	C:\WINDOWS\System32\combase.dll
0x00007ff8305f0000 - 0x00007ff8306c7000 	C:\WINDOWS\System32\OLEAUT32.dll
0x00007ff824010000 - 0x00007ff824042000 	C:\WINDOWS\SYSTEM32\dbgcore.DLL
0x00007ff82fce0000 - 0x00007ff82fd59000 	C:\WINDOWS\System32\bcryptPrimitives.dll
0x00007ffff8690000 - 0x00007ffff86b6000 	C:\Program Files\Java\jdk-19\bin\java.dll

dbghelp: loaded successfully - version: 4.0.5 - missing functions: none
symbol engine: initialized successfully - sym options: 0x614 - pdb path: .;C:\Program Files\Java\jdk-19\bin;C:\WINDOWS\SYSTEM32;C:\WINDOWS\WinSxS\amd64_microsoft.windows.common-controls_6595b64144ccf1df_6.0.22621.3527_none_270e469b73872a76;C:\Program Files\Java\jdk-19\bin\server

VM Arguments:
jvm_args: -Dfile.encoding=utf8 
java_command: c:\Users\User\.vscode\extensions\vscjava.vscode-gradle-3.13.5\lib\gradle-language-server.jar
java_class_path (initial): c:\Users\User\.vscode\extensions\vscjava.vscode-gradle-3.13.5\lib\gradle-language-server.jar
Launcher Type: SUN_STANDARD

[Global flags]
     intx CICompilerCount                          = 4                                         {product} {ergonomic}
     uint ConcGCThreads                            = 2                                         {product} {ergonomic}
     uint G1ConcRefinementThreads                  = 8                                         {product} {ergonomic}
   size_t G1HeapRegionSize                         = 2097152                                   {product} {ergonomic}
    uintx GCDrainStackTargetSize                   = 64                                        {product} {ergonomic}
   size_t InitialHeapSize                          = 264241152                                 {product} {ergonomic}
   size_t MarkStackSize                            = 4194304                                   {product} {ergonomic}
   size_t MaxHeapSize                              = 4213178368                                {product} {ergonomic}
   size_t MinHeapDeltaBytes                        = 2097152                                   {product} {ergonomic}
   size_t MinHeapSize                              = 8388608                                   {product} {ergonomic}
    uintx NonNMethodCodeHeapSize                   = 5839372                                {pd product} {ergonomic}
    uintx NonProfiledCodeHeapSize                  = 122909434                              {pd product} {ergonomic}
    uintx ProfiledCodeHeapSize                     = 122909434                              {pd product} {ergonomic}
    uintx ReservedCodeCacheSize                    = 251658240                              {pd product} {ergonomic}
     bool SegmentedCodeCache                       = true                                      {product} {ergonomic}
   size_t SoftMaxHeapSize                          = 4213178368                             {manageable} {ergonomic}
     bool UseCompressedClassPointers               = true                           {product lp64_product} {ergonomic}
     bool UseCompressedOops                        = true                           {product lp64_product} {ergonomic}
     bool UseG1GC                                  = true                                      {product} {ergonomic}
     bool UseLargePagesIndividualAllocation        = false                                  {pd product} {ergonomic}

Logging:
Log output configuration:
 #0: stdout all=warning uptime,level,tags foldmultilines=false
 #1: stderr all=off uptime,level,tags foldmultilines=false

Environment Variables:
PATH=C:\Program Files\Common Files\Oracle\Java\javapath;C:\WINDOWS\system32;C:\WINDOWS;C:\WINDOWS\System32\Wbem;C:\WINDOWS\System32\WindowsPowerShell\v1.0\;C:\WINDOWS\System32\OpenSSH\;C:\ProgramData\chocolatey\bin;C:\Program Files\Git\cmd;C:\MinGW\bin;search-ms:displayname=Search%20Results%20in%20This%20PC&crumb=location:%3A%3A{20D04FE0-3AEA-1069-A2D8-08002B30309D}\Python311;C:\Users\User\AppData\Roaming\nvm;C:\Program Files\nodejs;C:\Program Files\nodejs\;C:\Program Files\MongoDB\Server\6.0\bin;D:\mongosh\mongosh-1.10.1-win32-x64\bin;C:\Users\User\AppData\Local\Android\Sdk\platform-tools;C:\Users\User\AppData\Local\Android\Sdk\emulator;C:\Users\User\AppData\Local\Android\Sdk\tools\bin;C:\Users\User\AppData\Local\Pub\Cache\bin;D:\Program Files\flutter\bin;C:\Users\User\dart-sdk\bin;C:\Users\User\jdk-17.0.9\bin;C:\Program Files\dotnet\;C:\Program Files\Docker\Docker\resources\bin;C:\Users\User\AppData\Local\Programs\Python\Python312\Scripts;C:\Users\User\AppData\Local\Programs\Python\Python311\Scripts;C:\Users\User\AppData\Local\Programs\Python\Python312\Scripts\;C:\Users\User\AppData\Local\Programs\Python\Python312\;C:\Users\User\AppData\Local\Programs\Python\Launcher\;C:\Python311\Scripts\;C:\Python311\;C:\Users\User\AppData\Local\Programs\Python\Python311\Scripts\;C:\Users\User\AppData\Local\Programs\Python\Python311\;C:\Users\User\AppData\Local\Microsoft\WindowsApps;C:\src\flutter\bin;C:\Users\User\AppData\Local\Packages\PythonSoftwareFoundation.Python.3.11_qbz5n2kfra8p0\LocalCache\local-packages\Python311\Scripts;D:\PyCharm Community Edition 2023.1\bin;;C:\Users\User\AppData\Local\Programs\Microsoft VS Code\bin;C:\MinGW\bin;search-ms:displayname=Search%20Results%20in%20This%20PC&crumb=location:%3A%3A{20D04FE0-3AEA-1069-A2D8-08002B30309D}\Python311;"C:\Windows\System32;flutter bin path e.g D:\flutter\bin";C:\Users\User\AppData\Roaming\nvm;C:\Program Files\nodejs;C:\Users\User\AppData\Roaming\npm;search-ms:displayname=Search%20Results%20in%20MongoDBCompass&crumb=location:C%3A%5CUsers%5CUser%5CAppData%5CLocal%5CMongoDBCompass\bin;C:\Users\User\dart-sdk\bin;C:\Users\User\dart-sdk;C:\Users\;C:\Users\User\AppData\Local\Pub\Cache\bin;D:\Program Files\Java\jdk-17.0.9\bin;D:\Program Files\flutter\bin;C:\Users\User\jdk-17.0.9\bin;C:\Users\User\.dotnet\tools;C:\Users\User\AppData\Local\Programs\Python\Python312\Scripts;C:\Users\User\AppData\Local\Programs\Python\Python311\Lib\site-packages;
USERNAME=User
OS=Windows_NT
PROCESSOR_IDENTIFIER=Intel64 Family 6 Model 140 Stepping 1, GenuineIntel
TMP=C:\Users\User\AppData\Local\Temp
TEMP=C:\Users\User\AppData\Local\Temp



---------------  S Y S T E M  ---------------

OS:
 Windows 11 , 64 bit Build 22621 (10.0.22621.3527)
OS uptime: 1 days 23:08 hours
Hyper-V role detected

CPU: total 8 (initial active 8) (4 cores per cpu, 2 threads per core) family 6 model 140 stepping 1 microcode 0xb6, cx8, cmov, fxsr, ht, mmx, 3dnowpref, sse, sse2, sse3, ssse3, sse4.1, sse4.2, popcnt, lzcnt, tsc, tscinvbit, avx, avx2, aes, erms, clmul, bmi1, bmi2, adx, avx512f, avx512dq, avx512cd, avx512bw, avx512vl, sha, fma, vzeroupper, avx512_vpopcntdq, avx512_vpclmulqdq, avx512_vaes, avx512_vnni, clflush, clflushopt, clwb, avx512_vbmi2, avx512_vbmi, hv, rdtscp, rdpid, fsrm, gfni, avx512_bitalg

Memory: 4k page, system-wide physical 16064M (4554M free)
TotalPageFile size 16064M (AvailPageFile size 648M)
current process WorkingSet (physical memory assigned to process): 11M, peak: 11M
current process commit charge ("private bytes"): 60M, peak: 312M

vm_info: Java HotSpot(TM) 64-Bit Server VM (19.0.2+7-44) for windows-amd64 JRE (19.0.2+7-44), built on 2022-11-30T18:02:09Z by "mach5one" with MS VC++ 17.1 (VS2022)

END.
